\BOOKMARK [1][-]{section.1}{\376\377\000I\000n\000t\000r\000o\000d\000u\000c\000t\000i\000o\000n}{}% 1
\BOOKMARK [2][-]{subsection.1.1}{\376\377\000M\000a\000t\000r\000i\000x\000\040\000t\000e\000r\000m\000i\000n\000o\000l\000o\000g\000y}{section.1}% 2
\BOOKMARK [3][-]{section*.2}{\376\377\000S\000c\000a\000l\000a\000r}{subsection.1.1}% 3
\BOOKMARK [3][-]{section*.3}{\376\377\000M\000a\000t\000r\000i\000x}{subsection.1.1}% 4
\BOOKMARK [3][-]{section*.4}{\376\377\000C\000o\000l\000u\000m\000n\000\040\000v\000e\000c\000t\000o\000r}{subsection.1.1}% 5
\BOOKMARK [3][-]{section*.5}{\376\377\000R\000o\000w\000\040\000v\000e\000c\000t\000o\000r}{subsection.1.1}% 6
\BOOKMARK [3][-]{section*.6}{\376\377\000S\000q\000u\000a\000r\000e\000\040\000m\000a\000t\000r\000i\000x}{subsection.1.1}% 7
\BOOKMARK [3][-]{section*.7}{\376\377\000M\000a\000j\000o\000r\000\040\000d\000i\000a\000g\000o\000n\000a\000l}{subsection.1.1}% 8
\BOOKMARK [3][-]{section*.8}{\376\377\000T\000r\000i\000a\000n\000g\000u\000l\000a\000r\000\040\000m\000a\000t\000r\000i\000x}{subsection.1.1}% 9
\BOOKMARK [3][-]{section*.9}{\376\377\000D\000i\000a\000g\000o\000n\000a\000l\000\040\000m\000a\000t\000r\000i\000x}{subsection.1.1}% 10
\BOOKMARK [3][-]{section*.10}{\376\377\000I\000d\000e\000n\000t\000i\000t\000y\000\040\000m\000a\000t\000r\000i\000x}{subsection.1.1}% 11
\BOOKMARK [2][-]{subsection.1.2}{\376\377\000M\000a\000t\000r\000i\000x\000\040\000o\000p\000e\000r\000a\000t\000i\000o\000n\000s}{section.1}% 12
\BOOKMARK [3][-]{section*.11}{\376\377\000A\000d\000d\000i\000t\000i\000o\000n\000\040\000a\000n\000d\000\040\000s\000u\000b\000t\000r\000a\000c\000t\000i\000o\000n}{subsection.1.2}% 13
\BOOKMARK [3][-]{section*.12}{\376\377\000T\000r\000a\000n\000s\000p\000o\000s\000e}{subsection.1.2}% 14
\BOOKMARK [3][-]{section*.13}{\376\377\000S\000y\000m\000m\000e\000t\000r\000i\000c\000\040\000m\000a\000t\000r\000i\000x}{subsection.1.2}% 15
\BOOKMARK [3][-]{section*.14}{\376\377\000M\000u\000l\000t\000i\000p\000l\000i\000c\000a\000t\000i\000o\000n}{subsection.1.2}% 16
\BOOKMARK [3][-]{section*.15}{\376\377\000T\000r\000a\000c\000e}{subsection.1.2}% 17
\BOOKMARK [3][-]{section*.16}{\376\377\000D\000e\000t\000e\000r\000m\000i\000n\000a\000n\000t}{subsection.1.2}% 18
\BOOKMARK [3][-]{section*.17}{\376\377\000A\000d\000j\000u\000g\000a\000t\000e\000\040\000m\000a\000t\000r\000i\000x}{subsection.1.2}% 19
\BOOKMARK [3][-]{section*.18}{\376\377\000I\000n\000v\000e\000r\000s\000e}{subsection.1.2}% 20
\BOOKMARK [3][-]{section*.19}{\376\377\000E\000i\000g\000e\000n\000a\000n\000a\000l\000y\000s\000i\000s}{subsection.1.2}% 21
\BOOKMARK [2][-]{subsection.1.3}{\376\377\000G\000r\000a\000p\000h\000\040\000t\000h\000e\000o\000r\000y\000\040\000t\000e\000r\000m\000i\000n\000o\000l\000o\000g\000y}{section.1}% 22
\BOOKMARK [3][-]{section*.21}{\376\377\000G\000r\000a\000p\000h}{subsection.1.3}% 23
\BOOKMARK [3][-]{section*.23}{\376\377\000U\000n\000d\000i\000r\000e\000c\000t\000e\000d\000\040\000v\000s\000\040\000d\000i\000r\000e\000c\000t\000e\000d\000\040\000g\000r\000a\000p\000h}{subsection.1.3}% 24
\BOOKMARK [3][-]{section*.25}{\376\377\000W\000a\000l\000k\000\040\000a\000n\000d\000\040\000P\000a\000t\000h}{subsection.1.3}% 25
\BOOKMARK [3][-]{section*.26}{\376\377\000C\000y\000c\000l\000i\000c\000\040\000v\000s\000\040\000a\000c\000y\000c\000l\000i\000c\000\040\000g\000r\000a\000p\000h}{subsection.1.3}% 26
\BOOKMARK [3][-]{section*.28}{\376\377\000S\000t\000r\000o\000n\000g\000l\000y\000\040\000c\000o\000n\000n\000e\000c\000t\000e\000d\000,\000\040\000w\000e\000a\000k\000l\000y\000\040\000c\000o\000n\000n\000e\000c\000t\000e\000d\000,\000\040\000a\000n\000d\000\040\000d\000i\000s\000c\000o\000n\000n\000e\000c\000t\000e\000d\000\040\000g\000r\000a\000p\000h}{subsection.1.3}% 27
\BOOKMARK [3][-]{section*.30}{\376\377\000L\000o\000c\000a\000l\000\040\000v\000s\000\040\000G\000l\000o\000b\000a\000l\000\040\000g\000r\000a\000p\000h\000\040\000P\000e\000r\000s\000p\000e\000c\000t\000i\000v\000e\000s}{subsection.1.3}% 28
\BOOKMARK [3][-]{section*.31}{\376\377\000D\000e\000g\000r\000e\000e}{subsection.1.3}% 29
\BOOKMARK [3][-]{section*.32}{\376\377\000A\000d\000j\000a\000c\000e\000n\000c\000y\000\040\000m\000a\000t\000r\000i\000x}{subsection.1.3}% 30
\BOOKMARK [3][-]{section*.33}{\376\377\000S\000t\000r\000e\000a\000m\000\040\000D\000A\000G}{subsection.1.3}% 31
\BOOKMARK [3][-]{section*.34}{\376\377\000W\000e\000i\000g\000h\000t\000e\000d\000\040\000g\000r\000a\000p\000h}{subsection.1.3}% 32
\BOOKMARK [2][-]{subsection.1.4}{\376\377\000I\000n\000f\000i\000n\000i\000t\000e\000\040\000S\000e\000r\000i\000e\000s}{section.1}% 33
\BOOKMARK [3][-]{section*.35}{\376\377\000G\000e\000o\000m\000e\000t\000r\000i\000c\000-\000s\000e\000r\000i\000e\000s}{subsection.1.4}% 34
\BOOKMARK [1][-]{section.2}{\376\377\000A\000l\000p\000h\000a\000\040\000c\000e\000n\000t\000r\000a\000l\000i\000t\000y}{}% 35
\BOOKMARK [2][-]{subsection.2.1}{\376\377\000M\000o\000t\000i\000v\000a\000t\000i\000o\000n\000\040\000a\000n\000d\000\040\000D\000e\000r\000i\000v\000a\000t\000i\000o\000n}{section.2}% 36
\BOOKMARK [2][-]{subsection.2.2}{}{section.2}% 37
\BOOKMARK [2][-]{subsection.2.3}{\376\377\000M\000e\000c\000h\000a\000n\000i\000c\000s\000\040\000o\000f\000\040\000A\000l\000p\000h\000a\000-\000c\000e\000n\000t\000r\000a\000l\000i\000t\000y}{section.2}% 38
\BOOKMARK [2][-]{subsection.2.4}{\376\377\000I\000n\000t\000r\000o\000d\000u\000c\000t\000o\000r\000y\000\040\000E\000x\000a\000m\000p\000l\000e}{section.2}% 39
\BOOKMARK [2][-]{subsection.2.5}{\376\377\000T\000h\000e\000\040\000E\000f\000f\000e\000c\000t\000\040\000o\000f\000\040}{section.2}% 40
\BOOKMARK [2][-]{subsection.2.6}{\376\377\000T\000h\000e\000\040\000E\000f\000f\000e\000c\000t\000\040\000o\000f\000\040\000B\000r\000a\000n\000c\000h\000i\000n\000g}{section.2}% 41
\BOOKMARK [2][-]{subsection.2.7}{\376\377\000T\000h\000e\000\040\000C\000o\000m\000b\000i\000n\000e\000d\000\040\000E\000f\000f\000e\000c\000t\000\040\000o\000f\000\040\000\040\000a\000n\000d\000\040\000B\000r\000a\000n\000c\000h\000i\000n\000g}{section.2}% 42
\BOOKMARK [2][-]{subsection.2.8}{\376\377\000I\000n\000t\000e\000r\000p\000r\000e\000t\000i\000n\000g\000\040\000A\000l\000p\000h\000a\000-\000c\000e\000n\000t\000r\000a\000l\000i\000t\000y\000\040\000i\000n\000\040\000S\000t\000r\000e\000a\000m\000\040\000D\000A\000G\000s}{section.2}% 43
\BOOKMARK [3][-]{subsubsection.2.8.1}{\376\377\000U\000n\000w\000e\000i\000g\000h\000t\000e\000d\000\040\000D\000A\000G\000s}{subsection.2.8}% 44
\BOOKMARK [3][-]{subsubsection.2.8.2}{\376\377\000W\000e\000i\000g\000h\000t\000e\000d\000\040\000D\000A\000G\000s}{subsection.2.8}% 45
